<?xml version="1.0" encoding="UTF-8"?>
<!-- Generated by org.testng.reporters.JUnitXMLReporter -->
<testsuite ignored="0" hostname="INDP277LT" failures="1" tests="2" name="Test" time="0.194" errors="0" timestamp="2021-01-12T11:44:54 IST">
  <testcase classname="listenerRegression.Demo_reg" name="testMethod01_reg" time="0.035">
    <failure type="java.lang.AssertionError" message="expected [3] but found [2]">
      <![CDATA[java.lang.AssertionError: expected [3] but found [2]
at listenerRegression.Demo_reg.testMethod01_reg(Demo_reg.java:11)
at java.base/java.util.ArrayList.forEach(ArrayList.java:1540)
... Removed 34 stack frames]]>
    </failure>
  </testcase> <!-- testMethod01_reg -->
  <testcase classname="listenerRegression.Demo_reg" name="testMethod02_reg" time="0.016"/>
</testsuite> <!-- Test -->
