<?xml version="1.0" encoding="UTF-8"?>
<!-- Generated by org.testng.reporters.JUnitXMLReporter -->
<testsuite ignored="0" hostname="INDP277LT" failures="1" tests="3" name="Test02" time="0.178" errors="0" timestamp="2021-01-08T18:20:07 IST">
  <testcase classname="listener.TestClass02" name="Test01" time="0.011"/>
  <testcase classname="listener.TestClass02" name="Test02" time="0.003"/>
  <testcase classname="listener.TestClass02" name="Test03" time="0.096">
    <failure type="java.lang.AssertionError" message="expected:&amp;lt;1&amp;gt; but was:&amp;lt;2&amp;gt;">
      <![CDATA[java.lang.AssertionError: expected:<1> but was:<2>
at org.junit.Assert.fail(Assert.java:88)
at org.junit.Assert.failNotEquals(Assert.java:834)
at org.junit.Assert.assertEquals(Assert.java:645)
at org.junit.Assert.assertEquals(Assert.java:631)
at listener.TestClass02.Test03(TestClass02.java:24)
at java.base/java.util.ArrayList.forEach(ArrayList.java:1540)
... Removed 28 stack frames]]>
    </failure>
  </testcase> <!-- Test03 -->
</testsuite> <!-- Test02 -->
