<?xml version="1.0" encoding="UTF-8"?>
<!-- Generated by org.testng.reporters.JUnitXMLReporter -->
<testsuite ignored="0" hostname="INDP277LT" failures="0" tests="3" name="Test02" time="0.171" errors="0" timestamp="2021-01-04T00:34:31 IST">
  <testcase classname="parallel.ParallelClass02" name="test01" time="0.023"/>
  <testcase classname="parallel.ParallelClass02" name="test02" time="0.003"/>
  <testcase classname="parallel.ParallelClass02" name="test03" time="0.003"/>
</testsuite> <!-- Test02 -->
