<?xml version="1.0" encoding="UTF-8"?>
<!-- Generated by org.testng.reporters.JUnitXMLReporter -->
<testsuite ignored="0" hostname="INDP277LT" failures="0" tests="3" name="Test03" time="0.219" errors="0" timestamp="2021-01-03T22:56:41 IST">
  <testcase classname="parallel.ParallelClass02" name="test01" time="0.018"/>
  <testcase classname="parallel.ParallelClass02" name="test02" time="0.005"/>
  <testcase classname="parallel.ParallelClass02" name="test03" time="0.004"/>
</testsuite> <!-- Test03 -->
