<?xml version="1.0" encoding="UTF-8"?>
<!-- Generated by org.testng.reporters.JUnitXMLReporter -->
<testsuite ignored="3" hostname="INDP277LT" failures="0" tests="2" name="Test" time="0.145" errors="0" timestamp="2020-12-29T14:19:22 IST">
  <testcase classname="groups.TestClass01" name="Test03" time="0.024"/>
  <testcase classname="groups.TestClass01" name="Test05" time="0.005"/>
  <testcase classname="groups.TestClass01" name="Test04" time="0.0">
    <ignored/>
  </testcase> <!-- Test04 -->
  <testcase classname="groups.TestClass01" name="Test01" time="0.0">
    <ignored/>
  </testcase> <!-- Test01 -->
  <testcase classname="groups.TestClass01" name="Test02" time="0.0">
    <ignored/>
  </testcase> <!-- Test02 -->
</testsuite> <!-- Test -->
