<?xml version="1.0" encoding="UTF-8"?>
<!-- Generated by org.testng.reporters.JUnitXMLReporter -->
<testsuite ignored="0" hostname="INDP277LT" failures="0" tests="4" name="Test1" time="0.097" errors="0" timestamp="2021-01-03T20:11:29 IST">
  <testcase classname="parallel.ParallelClass01" name="test01" time="0.012"/>
  <testcase classname="parallel.ParallelClass01" name="test02" time="0.004"/>
  <testcase classname="parallel.ParallelClass01" name="test03" time="0.003"/>
  <testcase classname="parallel.ParallelClass01" name="test04" time="0.002"/>
</testsuite> <!-- Test1 -->
